2014-10-17 10:38:51 INFO - 0 [main] jetty-8.1.14.v20131031
2014-10-17 10:38:53 WARN - 2146 [main] server.soa.weixin.subscribe_message is empty,using default:欢迎关注我们！
2014-10-17 10:38:53 WARN - 2147 [main] server.soa.weixin.default_reply_message is empty,using default:没有找到该关键词！
2014-10-17 10:38:53 WARN - 2230 [main] server.soa.weixin.weixinmessage_logger is empty,using default:com.bokesoft.thirdparty.weixin.service.Log4jWeixinMessageLogger
2014-10-17 10:38:53 WARN - 2244 [main] server.soa.weixin.remote_message_handle is empty,using default:com.bokesoft.thirdparty.weixin.remote.extend.DefaultWeixinRemoteMessageHandle
2014-10-17 10:38:53 WARN - 2249 [main] server.soa.weixin.weixinmessage_Handle is empty,using default:com.bokesoft.thirdparty.weixin.service.WeixinMessageHandleImpl
2014-10-17 10:38:53 WARN - 2267 [main] server.soa.weixin.remote_proxys is empty,using default:
2014-10-17 10:38:53 INFO - 2407 [main] load class from remote.properties:com.bokesoft.thirdparty.weixin.example.jar.WeixinDaiban,trigger:审批
2014-10-17 10:38:53 INFO - 2475 [main] load class from remote.properties:com.bokesoft.thirdparty.weixin.example.flow.location.LocationFindFlowTest,trigger:附近
2014-10-17 10:38:53 INFO - 2488 [main] load class from remote.properties:com.bokesoft.thirdparty.weixin.example.flow.location.LocationGoFlowTest,trigger:我要去
2014-10-17 10:38:53 INFO - 2515 [main] load class from remote.properties:com.bokesoft.thirdparty.weixin.example.weather.WeixinRemoteTextMessageWeatherCellHandle,trigger:天气
2014-10-17 10:38:53 INFO - 2529 [main] load class from remote.properties:com.bokesoft.thirdparty.weixin.example.flow.DefaultFlowTest,trigger:远程测试
2014-10-17 10:38:53 WARN - 2540 [main] server.soa.weixin.weixinpublicnumber_provider is empty,using default:com.bokesoft.thirdparty.weixin.publicnumber.LocalWeixinPublicNumberProvider
2014-10-17 10:38:53 INFO - 2541 [main] Publicnumber-config-path:E:\wx-conf
2014-10-17 10:38:54 INFO - 2931 [main] start update weixinpublicnumber uname:123456
2014-10-17 10:38:54 INFO - 3084 [main] Key@keywordsReplyMessage value :待办
2014-10-17 10:38:54 INFO - 3088 [main] Key@editKeywordsReplyMessage value :待办
2014-10-17 10:38:54 INFO - 3267 [main] end update weixinpublicnumber
2014-10-17 10:38:54 INFO - 3341 [main] start update weixinpublicnumber uname:53826
2014-10-17 10:38:54 INFO - 3645 [main] start update weixinpublicnumber uname:tacter
2014-10-17 10:38:54 INFO - 3647 [main] Key@keywordsReplyMessage value :行业案例
2014-10-17 10:38:54 INFO - 3648 [main] Key@keywordsReplyMessage value :私人定制
2014-10-17 10:38:54 INFO - 3673 [main] Key@keywordsReplyMessage value :社员认证
2014-10-17 10:38:54 INFO - 3675 [main] Key@keywordsReplyMessage value :企业文化
2014-10-17 10:38:54 INFO - 3676 [main] Key@keywordsReplyMessage value :加入社员
2014-10-17 10:38:54 INFO - 3677 [main] Key@keywordsReplyMessage value :活动私享
2014-10-17 10:38:54 INFO - 3678 [main] Key@keywordsReplyMessage value :行业数据
2014-10-17 10:38:54 INFO - 3679 [main] Key@keywordsReplyMessage value :业务咨询留言
2014-10-17 10:38:54 INFO - 3680 [main] Key@keywordsReplyMessage value :联系我们
2014-10-17 10:38:54 INFO - 3681 [main] Key@keywordsReplyMessage value :微信账号绑定
2014-10-17 10:38:54 INFO - 3682 [main] Key@keywordsReplyMessage value :业务咨询
2014-10-17 10:38:54 INFO - 3683 [main] Key@keywordsReplyMessage value :公社介绍
2014-10-17 10:38:54 INFO - 3684 [main] Key@keywordsReplyMessage value :活动报名
2014-10-17 10:38:54 INFO - 3685 [main] Key@keywordsReplyMessage value :行业政策
2014-10-17 10:38:54 INFO - 3763 [main] Key@keywordsReplyMessage value :行业资讯
2014-10-17 10:38:54 INFO - 3764 [main] Key@editKeywordsReplyMessage value :行业案例
2014-10-17 10:38:54 INFO - 3765 [main] Key@editKeywordsReplyMessage value :私人定制
2014-10-17 10:38:54 INFO - 3766 [main] Key@editKeywordsReplyMessage value :社员认证
2014-10-17 10:38:54 INFO - 3767 [main] Key@editKeywordsReplyMessage value :企业文化
2014-10-17 10:38:54 INFO - 3768 [main] Key@editKeywordsReplyMessage value :加入社员
2014-10-17 10:38:54 INFO - 3769 [main] Key@editKeywordsReplyMessage value :活动私享
2014-10-17 10:38:54 INFO - 3771 [main] Key@editKeywordsReplyMessage value :行业数据
2014-10-17 10:38:54 INFO - 3772 [main] Key@editKeywordsReplyMessage value :业务咨询留言
2014-10-17 10:38:54 INFO - 3773 [main] Key@editKeywordsReplyMessage value :联系我们
2014-10-17 10:38:54 INFO - 3775 [main] Key@editKeywordsReplyMessage value :微信账号绑定
2014-10-17 10:38:54 INFO - 3776 [main] Key@editKeywordsReplyMessage value :业务咨询
2014-10-17 10:38:54 INFO - 3777 [main] Key@editKeywordsReplyMessage value :公社介绍
2014-10-17 10:38:54 INFO - 3777 [main] Key@editKeywordsReplyMessage value :活动报名
2014-10-17 10:38:55 INFO - 3778 [main] Key@editKeywordsReplyMessage value :行业政策
2014-10-17 10:38:55 INFO - 3779 [main] Key@editKeywordsReplyMessage value :行业资讯
2014-10-17 10:38:55 INFO - 3781 [main] end update weixinpublicnumber
2014-10-17 10:38:55 WARN - 3786 [main] server.soa.weixin.weixinsession_provider is empty,using default:com.bokesoft.thirdparty.weixin.session.LocalWeixinSessionProvider
2014-10-17 10:38:55 INFO - 3921 [main] Using default implementation for ThreadExecutor
2014-10-17 10:38:55 INFO - 3953 [main] Job execution threads will use class loader of thread: main
2014-10-17 10:38:55 INFO - 3996 [main] Initialized Scheduler Signaller of type: class org.quartz.core.SchedulerSignalerImpl
2014-10-17 10:38:55 INFO - 3998 [main] Quartz Scheduler v.2.2.1 created.
2014-10-17 10:38:55 INFO - 4019 [main] RAMJobStore initialized.
2014-10-17 10:38:55 INFO - 4021 [main] Scheduler meta-data: Quartz Scheduler (v2.2.1) 'DefaultQuartzScheduler' with instanceId 'NON_CLUSTERED'
  Scheduler class: 'org.quartz.core.QuartzScheduler' - running locally.
  NOT STARTED.
  Currently in standby mode.
  Number of jobs executed: 0
  Using thread pool 'org.quartz.simpl.SimpleThreadPool' - with 10 threads.
  Using job-store 'org.quartz.simpl.RAMJobStore' - which does not support persistence. and is not clustered.

2014-10-17 10:38:55 INFO - 4022 [main] Quartz scheduler 'DefaultQuartzScheduler' initialized from default resource file in Quartz package: 'quartz.properties'
2014-10-17 10:38:55 INFO - 4023 [main] Quartz scheduler version: 2.2.1
2014-10-17 10:38:55 INFO - 4043 [main] Scheduler DefaultQuartzScheduler_$_NON_CLUSTERED started.
2014-10-17 10:38:55 WARN - 4067 [main] server.soa.weixin.attachment_manager is empty,using default:com.bokesoft.thirdparty.attachment.LocalAttachmentManager
2014-10-17 10:38:55 WARN - 4081 [main] server.soa.weixin.weixinpublicnumbermanagerinfo_provider is empty,using default:com.bokesoft.thirdparty.weixin.publicnumber.LocalWeixinPublicNumberManagerInfoProvider
2014-10-17 10:38:55 WARN - 4115 [main] server.soa.weixin.weixin_message_service_filters is empty,using default:
2014-10-17 10:38:55 WARN - 4161 [main] server.soa.weixin.weixinremotemessage_service_filters is empty,using default:
2014-10-17 10:38:55 INFO - 4186 [main] yigo Weixin application context load complete.
2014-10-17 10:38:55 INFO - 4559 [main] Started SelectChannelConnector@0.0.0.0:8300
2014-10-17 10:38:55 INFO - 4560 [main] >> server started
2014-10-17 14:48:32 INFO - 0 [main] jetty-8.1.14.v20131031
2014-10-17 14:48:33 WARN - 970 [main] server.soa.weixin.subscribe_message is empty,using default:欢迎关注我们！
2014-10-17 14:48:33 WARN - 971 [main] server.soa.weixin.default_reply_message is empty,using default:没有找到该关键词！
2014-10-17 14:48:33 WARN - 980 [main] server.soa.weixin.weixinmessage_logger is empty,using default:com.bokesoft.thirdparty.weixin.service.Log4jWeixinMessageLogger
2014-10-17 14:48:33 WARN - 988 [main] server.soa.weixin.remote_message_handle is empty,using default:com.bokesoft.thirdparty.weixin.remote.extend.DefaultWeixinRemoteMessageHandle
2014-10-17 14:48:33 WARN - 992 [main] server.soa.weixin.weixinmessage_Handle is empty,using default:com.bokesoft.thirdparty.weixin.service.WeixinMessageHandleImpl
2014-10-17 14:48:33 WARN - 999 [main] server.soa.weixin.remote_proxys is empty,using default:
2014-10-17 14:48:33 INFO - 1058 [main] load class from remote.properties:com.bokesoft.thirdparty.weixin.example.jar.WeixinDaiban,trigger:审批
2014-10-17 14:48:33 INFO - 1070 [main] load class from remote.properties:com.bokesoft.thirdparty.weixin.example.flow.location.LocationFindFlowTest,trigger:附近
2014-10-17 14:48:33 INFO - 1080 [main] load class from remote.properties:com.bokesoft.thirdparty.weixin.example.flow.location.LocationGoFlowTest,trigger:我要去
2014-10-17 14:48:33 INFO - 1084 [main] load class from remote.properties:com.bokesoft.thirdparty.weixin.example.weather.WeixinRemoteTextMessageWeatherCellHandle,trigger:天气
2014-10-17 14:48:33 INFO - 1094 [main] load class from remote.properties:com.bokesoft.thirdparty.weixin.example.flow.DefaultFlowTest,trigger:远程测试
2014-10-17 14:48:33 WARN - 1100 [main] server.soa.weixin.weixinpublicnumber_provider is empty,using default:com.bokesoft.thirdparty.weixin.publicnumber.LocalWeixinPublicNumberProvider
2014-10-17 14:48:33 INFO - 1102 [main] Publicnumber-config-path:E:\wx-conf
2014-10-17 14:48:33 INFO - 1202 [main] start update weixinpublicnumber uname:123456
2014-10-17 14:48:33 INFO - 1232 [main] Key@keywordsReplyMessage value :待办
2014-10-17 14:48:33 INFO - 1236 [main] Key@editKeywordsReplyMessage value :待办
2014-10-17 14:48:33 INFO - 1238 [main] end update weixinpublicnumber
2014-10-17 14:48:33 INFO - 1243 [main] start update weixinpublicnumber uname:53826
2014-10-17 14:48:33 INFO - 1259 [main] start update weixinpublicnumber uname:tacter
2014-10-17 14:48:33 INFO - 1261 [main] Key@keywordsReplyMessage value :行业案例
2014-10-17 14:48:33 INFO - 1262 [main] Key@keywordsReplyMessage value :私人定制
2014-10-17 14:48:33 INFO - 1276 [main] Key@keywordsReplyMessage value :社员认证
2014-10-17 14:48:33 INFO - 1278 [main] Key@keywordsReplyMessage value :企业文化
2014-10-17 14:48:33 INFO - 1279 [main] Key@keywordsReplyMessage value :加入社员
2014-10-17 14:48:33 INFO - 1280 [main] Key@keywordsReplyMessage value :活动私享
2014-10-17 14:48:33 INFO - 1281 [main] Key@keywordsReplyMessage value :行业数据
2014-10-17 14:48:33 INFO - 1282 [main] Key@keywordsReplyMessage value :业务咨询留言
2014-10-17 14:48:33 INFO - 1283 [main] Key@keywordsReplyMessage value :联系我们
2014-10-17 14:48:33 INFO - 1284 [main] Key@keywordsReplyMessage value :微信账号绑定
2014-10-17 14:48:33 INFO - 1285 [main] Key@keywordsReplyMessage value :业务咨询
2014-10-17 14:48:33 INFO - 1286 [main] Key@keywordsReplyMessage value :公社介绍
2014-10-17 14:48:33 INFO - 1287 [main] Key@keywordsReplyMessage value :活动报名
2014-10-17 14:48:33 INFO - 1288 [main] Key@keywordsReplyMessage value :行业政策
2014-10-17 14:48:33 INFO - 1295 [main] Key@keywordsReplyMessage value :行业资讯
2014-10-17 14:48:33 INFO - 1296 [main] Key@editKeywordsReplyMessage value :行业案例
2014-10-17 14:48:33 INFO - 1297 [main] Key@editKeywordsReplyMessage value :私人定制
2014-10-17 14:48:33 INFO - 1298 [main] Key@editKeywordsReplyMessage value :社员认证
2014-10-17 14:48:33 INFO - 1299 [main] Key@editKeywordsReplyMessage value :企业文化
2014-10-17 14:48:33 INFO - 1300 [main] Key@editKeywordsReplyMessage value :加入社员
2014-10-17 14:48:33 INFO - 1301 [main] Key@editKeywordsReplyMessage value :活动私享
2014-10-17 14:48:33 INFO - 1302 [main] Key@editKeywordsReplyMessage value :行业数据
2014-10-17 14:48:33 INFO - 1303 [main] Key@editKeywordsReplyMessage value :业务咨询留言
2014-10-17 14:48:33 INFO - 1304 [main] Key@editKeywordsReplyMessage value :联系我们
2014-10-17 14:48:33 INFO - 1305 [main] Key@editKeywordsReplyMessage value :微信账号绑定
2014-10-17 14:48:33 INFO - 1306 [main] Key@editKeywordsReplyMessage value :业务咨询
2014-10-17 14:48:33 INFO - 1307 [main] Key@editKeywordsReplyMessage value :公社介绍
2014-10-17 14:48:33 INFO - 1308 [main] Key@editKeywordsReplyMessage value :活动报名
2014-10-17 14:48:33 INFO - 1308 [main] Key@editKeywordsReplyMessage value :行业政策
2014-10-17 14:48:33 INFO - 1310 [main] Key@editKeywordsReplyMessage value :行业资讯
2014-10-17 14:48:33 INFO - 1311 [main] end update weixinpublicnumber
2014-10-17 14:48:33 WARN - 1314 [main] server.soa.weixin.weixinsession_provider is empty,using default:com.bokesoft.thirdparty.weixin.session.LocalWeixinSessionProvider
2014-10-17 14:48:33 INFO - 1398 [main] Using default implementation for ThreadExecutor
2014-10-17 14:48:33 INFO - 1406 [main] Job execution threads will use class loader of thread: main
2014-10-17 14:48:33 INFO - 1437 [main] Initialized Scheduler Signaller of type: class org.quartz.core.SchedulerSignalerImpl
2014-10-17 14:48:33 INFO - 1439 [main] Quartz Scheduler v.2.2.1 created.
2014-10-17 14:48:33 INFO - 1444 [main] RAMJobStore initialized.
2014-10-17 14:48:33 INFO - 1446 [main] Scheduler meta-data: Quartz Scheduler (v2.2.1) 'DefaultQuartzScheduler' with instanceId 'NON_CLUSTERED'
  Scheduler class: 'org.quartz.core.QuartzScheduler' - running locally.
  NOT STARTED.
  Currently in standby mode.
  Number of jobs executed: 0
  Using thread pool 'org.quartz.simpl.SimpleThreadPool' - with 10 threads.
  Using job-store 'org.quartz.simpl.RAMJobStore' - which does not support persistence. and is not clustered.

2014-10-17 14:48:33 INFO - 1447 [main] Quartz scheduler 'DefaultQuartzScheduler' initialized from default resource file in Quartz package: 'quartz.properties'
2014-10-17 14:48:33 INFO - 1448 [main] Quartz scheduler version: 2.2.1
2014-10-17 14:48:33 INFO - 1470 [main] Scheduler DefaultQuartzScheduler_$_NON_CLUSTERED started.
2014-10-17 14:48:33 WARN - 1495 [main] server.soa.weixin.attachment_manager is empty,using default:com.bokesoft.thirdparty.attachment.LocalAttachmentManager
2014-10-17 14:48:33 WARN - 1506 [main] server.soa.weixin.weixinpublicnumbermanagerinfo_provider is empty,using default:com.bokesoft.thirdparty.weixin.publicnumber.LocalWeixinPublicNumberManagerInfoProvider
2014-10-17 14:48:33 WARN - 1507 [main] server.soa.weixin.weixin_message_service_filters is empty,using default:
2014-10-17 14:48:33 WARN - 1511 [main] server.soa.weixin.weixinremotemessage_service_filters is empty,using default:
2014-10-17 14:48:33 INFO - 1532 [main] yigo Weixin application context load complete.
2014-10-17 14:48:33 INFO - 1646 [main] Started SelectChannelConnector@0.0.0.0:8300
2014-10-17 14:48:33 INFO - 1647 [main] >> server started
2014-10-17 15:28:26 INFO - 0 [main] jetty-8.1.14.v20131031
2014-10-17 15:28:27 WARN - 787 [main] server.soa.weixin.subscribe_message is empty,using default:欢迎关注我们！
2014-10-17 15:28:27 WARN - 788 [main] server.soa.weixin.default_reply_message is empty,using default:没有找到该关键词！
2014-10-17 15:28:27 WARN - 791 [main] server.soa.weixin.weixinmessage_logger is empty,using default:com.bokesoft.thirdparty.weixin.service.Log4jWeixinMessageLogger
2014-10-17 15:28:27 WARN - 793 [main] server.soa.weixin.remote_message_handle is empty,using default:com.bokesoft.thirdparty.weixin.remote.extend.DefaultWeixinRemoteMessageHandle
2014-10-17 15:28:27 WARN - 795 [main] server.soa.weixin.weixinmessage_Handle is empty,using default:com.bokesoft.thirdparty.weixin.service.WeixinMessageHandleImpl
2014-10-17 15:28:27 WARN - 799 [main] server.soa.weixin.remote_proxys is empty,using default:
2014-10-17 15:28:27 INFO - 811 [main] load class from remote.properties:com.bokesoft.thirdparty.weixin.example.jar.WeixinDaiban,trigger:审批
2014-10-17 15:28:27 INFO - 814 [main] load class from remote.properties:com.bokesoft.thirdparty.weixin.example.flow.location.LocationFindFlowTest,trigger:附近
2014-10-17 15:28:27 INFO - 817 [main] load class from remote.properties:com.bokesoft.thirdparty.weixin.example.flow.location.LocationGoFlowTest,trigger:我要去
2014-10-17 15:28:27 INFO - 819 [main] load class from remote.properties:com.bokesoft.thirdparty.weixin.example.weather.WeixinRemoteTextMessageWeatherCellHandle,trigger:天气
2014-10-17 15:28:27 INFO - 822 [main] load class from remote.properties:com.bokesoft.thirdparty.weixin.example.flow.DefaultFlowTest,trigger:远程测试
2014-10-17 15:28:27 WARN - 824 [main] server.soa.weixin.weixinpublicnumber_provider is empty,using default:com.bokesoft.thirdparty.weixin.publicnumber.LocalWeixinPublicNumberProvider
2014-10-17 15:28:27 INFO - 825 [main] Publicnumber-config-path:E:\wx-conf
2014-10-17 15:28:27 INFO - 923 [main] start update weixinpublicnumber uname:123456
2014-10-17 15:28:27 INFO - 950 [main] Key@keywordsReplyMessage value :待办
2014-10-17 15:28:27 INFO - 954 [main] Key@editKeywordsReplyMessage value :待办
2014-10-17 15:28:27 INFO - 955 [main] end update weixinpublicnumber
2014-10-17 15:28:27 INFO - 960 [main] start update weixinpublicnumber uname:53826
2014-10-17 15:28:27 INFO - 984 [main] start update weixinpublicnumber uname:tacter
2014-10-17 15:28:27 INFO - 985 [main] Key@keywordsReplyMessage value :行业案例
2014-10-17 15:28:27 INFO - 986 [main] Key@keywordsReplyMessage value :私人定制
2014-10-17 15:28:27 INFO - 988 [main] Key@keywordsReplyMessage value :社员认证
2014-10-17 15:28:27 INFO - 989 [main] Key@keywordsReplyMessage value :企业文化
2014-10-17 15:28:27 INFO - 992 [main] Key@keywordsReplyMessage value :加入社员
2014-10-17 15:28:27 INFO - 995 [main] Key@keywordsReplyMessage value :活动私享
2014-10-17 15:28:27 INFO - 996 [main] Key@keywordsReplyMessage value :行业数据
2014-10-17 15:28:27 INFO - 997 [main] Key@keywordsReplyMessage value :业务咨询留言
2014-10-17 15:28:27 INFO - 998 [main] Key@keywordsReplyMessage value :联系我们
2014-10-17 15:28:27 INFO - 999 [main] Key@keywordsReplyMessage value :微信账号绑定
2014-10-17 15:28:27 INFO - 1000 [main] Key@keywordsReplyMessage value :业务咨询
2014-10-17 15:28:27 INFO - 1001 [main] Key@keywordsReplyMessage value :公社介绍
2014-10-17 15:28:27 INFO - 1002 [main] Key@keywordsReplyMessage value :活动报名
2014-10-17 15:28:27 INFO - 1003 [main] Key@keywordsReplyMessage value :行业政策
2014-10-17 15:28:27 INFO - 1005 [main] Key@keywordsReplyMessage value :行业资讯
2014-10-17 15:28:27 INFO - 1006 [main] Key@editKeywordsReplyMessage value :行业案例
2014-10-17 15:28:27 INFO - 1007 [main] Key@editKeywordsReplyMessage value :私人定制
2014-10-17 15:28:27 INFO - 1008 [main] Key@editKeywordsReplyMessage value :社员认证
2014-10-17 15:28:27 INFO - 1009 [main] Key@editKeywordsReplyMessage value :企业文化
2014-10-17 15:28:27 INFO - 1011 [main] Key@editKeywordsReplyMessage value :加入社员
2014-10-17 15:28:27 INFO - 1012 [main] Key@editKeywordsReplyMessage value :活动私享
2014-10-17 15:28:27 INFO - 1013 [main] Key@editKeywordsReplyMessage value :行业数据
2014-10-17 15:28:27 INFO - 1014 [main] Key@editKeywordsReplyMessage value :业务咨询留言
2014-10-17 15:28:27 INFO - 1015 [main] Key@editKeywordsReplyMessage value :联系我们
2014-10-17 15:28:27 INFO - 1016 [main] Key@editKeywordsReplyMessage value :微信账号绑定
2014-10-17 15:28:27 INFO - 1017 [main] Key@editKeywordsReplyMessage value :业务咨询
2014-10-17 15:28:27 INFO - 1018 [main] Key@editKeywordsReplyMessage value :公社介绍
2014-10-17 15:28:27 INFO - 1019 [main] Key@editKeywordsReplyMessage value :活动报名
2014-10-17 15:28:27 INFO - 1020 [main] Key@editKeywordsReplyMessage value :行业政策
2014-10-17 15:28:27 INFO - 1021 [main] Key@editKeywordsReplyMessage value :行业资讯
2014-10-17 15:28:27 INFO - 1022 [main] end update weixinpublicnumber
2014-10-17 15:28:27 WARN - 1024 [main] server.soa.weixin.weixinsession_provider is empty,using default:com.bokesoft.thirdparty.weixin.session.LocalWeixinSessionProvider
2014-10-17 15:28:27 INFO - 1084 [main] Using default implementation for ThreadExecutor
2014-10-17 15:28:27 INFO - 1096 [main] Job execution threads will use class loader of thread: main
2014-10-17 15:28:27 INFO - 1137 [main] Initialized Scheduler Signaller of type: class org.quartz.core.SchedulerSignalerImpl
2014-10-17 15:28:27 INFO - 1139 [main] Quartz Scheduler v.2.2.1 created.
2014-10-17 15:28:27 INFO - 1149 [main] RAMJobStore initialized.
2014-10-17 15:28:27 INFO - 1152 [main] Scheduler meta-data: Quartz Scheduler (v2.2.1) 'DefaultQuartzScheduler' with instanceId 'NON_CLUSTERED'
  Scheduler class: 'org.quartz.core.QuartzScheduler' - running locally.
  NOT STARTED.
  Currently in standby mode.
  Number of jobs executed: 0
  Using thread pool 'org.quartz.simpl.SimpleThreadPool' - with 10 threads.
  Using job-store 'org.quartz.simpl.RAMJobStore' - which does not support persistence. and is not clustered.

2014-10-17 15:28:28 INFO - 1153 [main] Quartz scheduler 'DefaultQuartzScheduler' initialized from default resource file in Quartz package: 'quartz.properties'
2014-10-17 15:28:28 INFO - 1155 [main] Quartz scheduler version: 2.2.1
2014-10-17 15:28:28 INFO - 1176 [main] Scheduler DefaultQuartzScheduler_$_NON_CLUSTERED started.
2014-10-17 15:28:28 WARN - 1178 [main] server.soa.weixin.attachment_manager is empty,using default:com.bokesoft.thirdparty.attachment.LocalAttachmentManager
2014-10-17 15:28:28 WARN - 1180 [main] server.soa.weixin.weixinpublicnumbermanagerinfo_provider is empty,using default:com.bokesoft.thirdparty.weixin.publicnumber.LocalWeixinPublicNumberManagerInfoProvider
2014-10-17 15:28:28 WARN - 1182 [main] server.soa.weixin.weixin_message_service_filters is empty,using default:
2014-10-17 15:28:28 WARN - 1184 [main] server.soa.weixin.weixinremotemessage_service_filters is empty,using default:
2014-10-17 15:28:28 INFO - 1186 [main] yigo Weixin application context load complete.
2014-10-17 15:28:28 ERROR - 1262 [%0043%0041%0043%0048%0045_%0057%0045%0049%0058%0049%004e_%0050%0055%0042%004c%0049%0043%004e%0055%004d%0042%0045%0052_%0053%0043%004f%0050%0045.data] Disk Write of tacter failed: 
java.io.NotSerializableException: com.bokesoft.thirdparty.weixin.bean.message.Article
	at java.io.ObjectOutputStream.writeObject0(ObjectOutputStream.java:1156)
	at java.io.ObjectOutputStream.writeObject(ObjectOutputStream.java:326)
	at java.util.ArrayList.writeObject(ArrayList.java:570)
	at sun.reflect.NativeMethodAccessorImpl.invoke0(Native Method)
	at sun.reflect.NativeMethodAccessorImpl.invoke(NativeMethodAccessorImpl.java:39)
	at sun.reflect.DelegatingMethodAccessorImpl.invoke(DelegatingMethodAccessorImpl.java:25)
	at java.lang.reflect.Method.invoke(Method.java:597)
	at java.io.ObjectStreamClass.invokeWriteObject(ObjectStreamClass.java:945)
	at java.io.ObjectOutputStream.writeSerialData(ObjectOutputStream.java:1461)
	at java.io.ObjectOutputStream.writeOrdinaryObject(ObjectOutputStream.java:1392)
	at java.io.ObjectOutputStream.writeObject0(ObjectOutputStream.java:1150)
	at java.io.ObjectOutputStream.defaultWriteFields(ObjectOutputStream.java:1509)
	at java.io.ObjectOutputStream.writeSerialData(ObjectOutputStream.java:1474)
	at java.io.ObjectOutputStream.writeOrdinaryObject(ObjectOutputStream.java:1392)
	at java.io.ObjectOutputStream.writeObject0(ObjectOutputStream.java:1150)
	at java.io.ObjectOutputStream.writeObject(ObjectOutputStream.java:326)
	at java.util.HashMap.writeObject(HashMap.java:1001)
	at sun.reflect.NativeMethodAccessorImpl.invoke0(Native Method)
	at sun.reflect.NativeMethodAccessorImpl.invoke(NativeMethodAccessorImpl.java:39)
	at sun.reflect.DelegatingMethodAccessorImpl.invoke(DelegatingMethodAccessorImpl.java:25)
	at java.lang.reflect.Method.invoke(Method.java:597)
	at java.io.ObjectStreamClass.invokeWriteObject(ObjectStreamClass.java:945)
	at java.io.ObjectOutputStream.writeSerialData(ObjectOutputStream.java:1461)
	at java.io.ObjectOutputStream.writeOrdinaryObject(ObjectOutputStream.java:1392)
	at java.io.ObjectOutputStream.writeObject0(ObjectOutputStream.java:1150)
	at java.io.ObjectOutputStream.defaultWriteFields(ObjectOutputStream.java:1509)
	at java.io.ObjectOutputStream.writeSerialData(ObjectOutputStream.java:1474)
	at java.io.ObjectOutputStream.writeOrdinaryObject(ObjectOutputStream.java:1392)
	at java.io.ObjectOutputStream.writeObject0(ObjectOutputStream.java:1150)
	at java.io.ObjectOutputStream.defaultWriteFields(ObjectOutputStream.java:1509)
	at java.io.ObjectOutputStream.defaultWriteObject(ObjectOutputStream.java:416)
	at net.sf.ehcache.Element.writeObject(Element.java:835)
	at sun.reflect.NativeMethodAccessorImpl.invoke0(Native Method)
	at sun.reflect.NativeMethodAccessorImpl.invoke(NativeMethodAccessorImpl.java:39)
	at sun.reflect.DelegatingMethodAccessorImpl.invoke(DelegatingMethodAccessorImpl.java:25)
	at java.lang.reflect.Method.invoke(Method.java:597)
	at java.io.ObjectStreamClass.invokeWriteObject(ObjectStreamClass.java:945)
	at java.io.ObjectOutputStream.writeSerialData(ObjectOutputStream.java:1461)
	at java.io.ObjectOutputStream.writeOrdinaryObject(ObjectOutputStream.java:1392)
	at java.io.ObjectOutputStream.writeObject0(ObjectOutputStream.java:1150)
	at java.io.ObjectOutputStream.writeObject(ObjectOutputStream.java:326)
	at net.sf.ehcache.util.MemoryEfficientByteArrayOutputStream.serialize(MemoryEfficientByteArrayOutputStream.java:97)
	at net.sf.ehcache.store.disk.DiskStorageFactory.serializeElement(DiskStorageFactory.java:405)
	at net.sf.ehcache.store.disk.DiskStorageFactory.write(DiskStorageFactory.java:384)
	at net.sf.ehcache.store.disk.DiskStorageFactory$DiskWriteTask.call(DiskStorageFactory.java:485)
	at net.sf.ehcache.store.disk.DiskStorageFactory$PersistentDiskWriteTask.call(DiskStorageFactory.java:1088)
	at net.sf.ehcache.store.disk.DiskStorageFactory$PersistentDiskWriteTask.call(DiskStorageFactory.java:1072)
	at java.util.concurrent.FutureTask$Sync.innerRun(FutureTask.java:303)
	at java.util.concurrent.FutureTask.run(FutureTask.java:138)
	at java.util.concurrent.ScheduledThreadPoolExecutor$ScheduledFutureTask.access$301(ScheduledThreadPoolExecutor.java:98)
	at java.util.concurrent.ScheduledThreadPoolExecutor$ScheduledFutureTask.run(ScheduledThreadPoolExecutor.java:207)
	at java.util.concurrent.ThreadPoolExecutor$Worker.runTask(ThreadPoolExecutor.java:886)
	at java.util.concurrent.ThreadPoolExecutor$Worker.run(ThreadPoolExecutor.java:908)
	at java.lang.Thread.run(Thread.java:619)
2014-10-17 15:28:28 INFO - 1313 [main] Started SelectChannelConnector@0.0.0.0:8300
2014-10-17 15:28:28 INFO - 1314 [main] >> server started
