2014-10-21 13:52:13 ERROR -1566 [%0043%0041%0043%0048%0045_%0057%0045%0049%0058%0049%004e_%0050%0055%0042%004c%0049%0043%004e%0055%004d%0042%0045%0052_%0053%0043%004f%0050%0045.data] Disk Write of tacter failed: 
java.io.NotSerializableException: com.bokesoft.thirdparty.weixin.bean.message.Article
	at java.io.ObjectOutputStream.writeObject0(ObjectOutputStream.java:1156)
	at java.io.ObjectOutputStream.writeObject(ObjectOutputStream.java:326)
	at java.util.ArrayList.writeObject(ArrayList.java:570)
	at sun.reflect.NativeMethodAccessorImpl.invoke0(Native Method)
	at sun.reflect.NativeMethodAccessorImpl.invoke(NativeMethodAccessorImpl.java:39)
	at sun.reflect.DelegatingMethodAccessorImpl.invoke(DelegatingMethodAccessorImpl.java:25)
	at java.lang.reflect.Method.invoke(Method.java:597)
	at java.io.ObjectStreamClass.invokeWriteObject(ObjectStreamClass.java:945)
	at java.io.ObjectOutputStream.writeSerialData(ObjectOutputStream.java:1461)
	at java.io.ObjectOutputStream.writeOrdinaryObject(ObjectOutputStream.java:1392)
	at java.io.ObjectOutputStream.writeObject0(ObjectOutputStream.java:1150)
	at java.io.ObjectOutputStream.defaultWriteFields(ObjectOutputStream.java:1509)
	at java.io.ObjectOutputStream.writeSerialData(ObjectOutputStream.java:1474)
	at java.io.ObjectOutputStream.writeOrdinaryObject(ObjectOutputStream.java:1392)
	at java.io.ObjectOutputStream.writeObject0(ObjectOutputStream.java:1150)
	at java.io.ObjectOutputStream.writeObject(ObjectOutputStream.java:326)
	at java.util.HashMap.writeObject(HashMap.java:1001)
	at sun.reflect.NativeMethodAccessorImpl.invoke0(Native Method)
	at sun.reflect.NativeMethodAccessorImpl.invoke(NativeMethodAccessorImpl.java:39)
	at sun.reflect.DelegatingMethodAccessorImpl.invoke(DelegatingMethodAccessorImpl.java:25)
	at java.lang.reflect.Method.invoke(Method.java:597)
	at java.io.ObjectStreamClass.invokeWriteObject(ObjectStreamClass.java:945)
	at java.io.ObjectOutputStream.writeSerialData(ObjectOutputStream.java:1461)
	at java.io.ObjectOutputStream.writeOrdinaryObject(ObjectOutputStream.java:1392)
	at java.io.ObjectOutputStream.writeObject0(ObjectOutputStream.java:1150)
	at java.io.ObjectOutputStream.defaultWriteFields(ObjectOutputStream.java:1509)
	at java.io.ObjectOutputStream.writeSerialData(ObjectOutputStream.java:1474)
	at java.io.ObjectOutputStream.writeOrdinaryObject(ObjectOutputStream.java:1392)
	at java.io.ObjectOutputStream.writeObject0(ObjectOutputStream.java:1150)
	at java.io.ObjectOutputStream.defaultWriteFields(ObjectOutputStream.java:1509)
	at java.io.ObjectOutputStream.defaultWriteObject(ObjectOutputStream.java:416)
	at net.sf.ehcache.Element.writeObject(Element.java:835)
	at sun.reflect.NativeMethodAccessorImpl.invoke0(Native Method)
	at sun.reflect.NativeMethodAccessorImpl.invoke(NativeMethodAccessorImpl.java:39)
	at sun.reflect.DelegatingMethodAccessorImpl.invoke(DelegatingMethodAccessorImpl.java:25)
	at java.lang.reflect.Method.invoke(Method.java:597)
	at java.io.ObjectStreamClass.invokeWriteObject(ObjectStreamClass.java:945)
	at java.io.ObjectOutputStream.writeSerialData(ObjectOutputStream.java:1461)
	at java.io.ObjectOutputStream.writeOrdinaryObject(ObjectOutputStream.java:1392)
	at java.io.ObjectOutputStream.writeObject0(ObjectOutputStream.java:1150)
	at java.io.ObjectOutputStream.writeObject(ObjectOutputStream.java:326)
	at net.sf.ehcache.util.MemoryEfficientByteArrayOutputStream.serialize(MemoryEfficientByteArrayOutputStream.java:97)
	at net.sf.ehcache.store.disk.DiskStorageFactory.serializeElement(DiskStorageFactory.java:405)
	at net.sf.ehcache.store.disk.DiskStorageFactory.write(DiskStorageFactory.java:384)
	at net.sf.ehcache.store.disk.DiskStorageFactory$DiskWriteTask.call(DiskStorageFactory.java:485)
	at net.sf.ehcache.store.disk.DiskStorageFactory$PersistentDiskWriteTask.call(DiskStorageFactory.java:1088)
	at net.sf.ehcache.store.disk.DiskStorageFactory$PersistentDiskWriteTask.call(DiskStorageFactory.java:1072)
	at java.util.concurrent.FutureTask$Sync.innerRun(FutureTask.java:303)
	at java.util.concurrent.FutureTask.run(FutureTask.java:138)
	at java.util.concurrent.ScheduledThreadPoolExecutor$ScheduledFutureTask.access$301(ScheduledThreadPoolExecutor.java:98)
	at java.util.concurrent.ScheduledThreadPoolExecutor$ScheduledFutureTask.run(ScheduledThreadPoolExecutor.java:207)
	at java.util.concurrent.ThreadPoolExecutor$Worker.runTask(ThreadPoolExecutor.java:886)
	at java.util.concurrent.ThreadPoolExecutor$Worker.run(ThreadPoolExecutor.java:908)
	at java.lang.Thread.run(Thread.java:619)
2014-10-21 13:56:15 ERROR -243895 [qtp9820728-39] Please config your unsubscribe message
2014-10-21 13:58:44 ERROR -392628 [qtp9820728-36] Please config your unsubscribe message
2014-10-21 14:26:29 ERROR -2058114 [qtp9820728-39] please config your remote message reply,签收
2014-10-21 14:27:32 ERROR -2121343 [qtp9820728-35] please config your remote message reply,签收
